<?xml version="1.0" encoding="UTF-8"?>
<!-- Generated by org.testng.reporters.JUnitXMLReporter -->
<testsuite ignored="0" hostname="Qkan-PC" failures="1" tests="1" name="Test" time="7.064" errors="0" timestamp="24 Feb 2018 19:59:39 GMT">
  <testcase classname="testPackage.NewTest" name="test" time="2.065">
    <failure type="java.lang.AssertionError" message="expected [true] but found [false]">
      <![CDATA[java.lang.AssertionError: expected [true] but found [false]
at testPackage.NewTest.test(NewTest.java:27)
... Removed 29 stack frames]]>
    </failure>
  </testcase> <!-- test -->
</testsuite> <!-- Test -->
